<?xml version="1.0" encoding="UTF-8"?>
<!-- Generated by org.testng.reporters.JUnitReportReporter -->
<testsuite hostname="GOUD" failures="0" tests="1" name="Scripts.TestCase1" time="9.809" errors="0" timestamp="2023-09-07T18:22:38 IST" skipped="0">
  <testcase classname="Scripts.TestCase1" name="TC1" time="9.809"/>
</testsuite> <!-- Scripts.TestCase1 -->
